[2015.09.16 14:48:38] (Coverage): Error during class instrumentation: net.ukr.ksm.Server$1
java.lang.RuntimeException: java.lang.ClassNotFoundException: Class not found: java/lang/Exception
	at com.intellij.compiler.instrumentation.InstrumenterClassWriter.getCommonSuperClass(InstrumenterClassWriter.java:40)
	at org.jetbrains.asm4.ClassWriter.a(Unknown Source)
	at org.jetbrains.asm4.Frame.a(Unknown Source)
	at org.jetbrains.asm4.Frame.a(Unknown Source)
	at org.jetbrains.asm4.MethodWriter.visitMaxs(Unknown Source)
	at org.jetbrains.asm4.MethodVisitor.visitMaxs(Unknown Source)
	at com.intellij.rt.coverage.instrumentation.SamplingInstrumenter$1.visitMaxs(SamplingInstrumenter.java:78)
	at org.jetbrains.asm4.ClassReader.accept(Unknown Source)
	at org.jetbrains.asm4.ClassReader.accept(Unknown Source)
	at com.intellij.rt.coverage.instrumentation.Instrumentator.instrument(Instrumentator.java:158)
	at com.intellij.rt.coverage.instrumentation.Instrumentator.access$000(Instrumentator.java:30)
	at com.intellij.rt.coverage.instrumentation.Instrumentator$1.transform(Instrumentator.java:118)
	at sun.instrument.TransformerManager.transform(TransformerManager.java:188)
	at sun.instrument.InstrumentationImpl.transform(InstrumentationImpl.java:428)
	at java.lang.ClassLoader.defineClass1(Native Method)
	at java.lang.ClassLoader.defineClass(ClassLoader.java:760)
	at java.security.SecureClassLoader.defineClass(SecureClassLoader.java:142)
	at java.net.URLClassLoader.defineClass(URLClassLoader.java:467)
	at java.net.URLClassLoader.access$100(URLClassLoader.java:73)
	at java.net.URLClassLoader$1.run(URLClassLoader.java:368)
	at java.net.URLClassLoader$1.run(URLClassLoader.java:362)
	at java.security.AccessController.doPrivileged(Native Method)
	at java.net.URLClassLoader.findClass(URLClassLoader.java:361)
	at java.lang.ClassLoader.loadClass(ClassLoader.java:424)
	at sun.misc.Launcher$AppClassLoader.loadClass(Launcher.java:331)
	at java.lang.ClassLoader.loadClass(ClassLoader.java:357)
	at net.ukr.ksm.Main.main(Main.java:6)
	at sun.reflect.NativeMethodAccessorImpl.invoke0(Native Method)
	at sun.reflect.NativeMethodAccessorImpl.invoke(NativeMethodAccessorImpl.java:62)
	at sun.reflect.DelegatingMethodAccessorImpl.invoke(DelegatingMethodAccessorImpl.java:43)
	at java.lang.reflect.Method.invoke(Method.java:497)
	at com.intellij.rt.execution.application.AppMain.main(AppMain.java:120)
Caused by: java.lang.ClassNotFoundException: Class not found: java/lang/Exception
	at com.intellij.compiler.instrumentation.InstrumentationClassFinder.loadClass(InstrumentationClassFinder.java:107)
	at com.intellij.compiler.instrumentation.InstrumenterClassWriter.getCommonSuperClass(InstrumenterClassWriter.java:19)
	... 31 more
[2015.09.17 13:44:05] (Coverage): Error during class instrumentation: net.ukr.ksm.Server$1
java.lang.RuntimeException: java.lang.ClassNotFoundException: Class not found: java/lang/Exception
	at com.intellij.compiler.instrumentation.InstrumenterClassWriter.getCommonSuperClass(InstrumenterClassWriter.java:40)
	at org.jetbrains.asm4.ClassWriter.a(Unknown Source)
	at org.jetbrains.asm4.Frame.a(Unknown Source)
	at org.jetbrains.asm4.Frame.a(Unknown Source)
	at org.jetbrains.asm4.MethodWriter.visitMaxs(Unknown Source)
	at org.jetbrains.asm4.MethodVisitor.visitMaxs(Unknown Source)
	at com.intellij.rt.coverage.instrumentation.SamplingInstrumenter$1.visitMaxs(SamplingInstrumenter.java:78)
	at org.jetbrains.asm4.ClassReader.accept(Unknown Source)
	at org.jetbrains.asm4.ClassReader.accept(Unknown Source)
	at com.intellij.rt.coverage.instrumentation.Instrumentator.instrument(Instrumentator.java:158)
	at com.intellij.rt.coverage.instrumentation.Instrumentator.access$000(Instrumentator.java:30)
	at com.intellij.rt.coverage.instrumentation.Instrumentator$1.transform(Instrumentator.java:118)
	at sun.instrument.TransformerManager.transform(TransformerManager.java:188)
	at sun.instrument.InstrumentationImpl.transform(InstrumentationImpl.java:428)
	at java.lang.ClassLoader.defineClass1(Native Method)
	at java.lang.ClassLoader.defineClass(ClassLoader.java:760)
	at java.security.SecureClassLoader.defineClass(SecureClassLoader.java:142)
	at java.net.URLClassLoader.defineClass(URLClassLoader.java:467)
	at java.net.URLClassLoader.access$100(URLClassLoader.java:73)
	at java.net.URLClassLoader$1.run(URLClassLoader.java:368)
	at java.net.URLClassLoader$1.run(URLClassLoader.java:362)
	at java.security.AccessController.doPrivileged(Native Method)
	at java.net.URLClassLoader.findClass(URLClassLoader.java:361)
	at java.lang.ClassLoader.loadClass(ClassLoader.java:424)
	at sun.misc.Launcher$AppClassLoader.loadClass(Launcher.java:331)
	at java.lang.ClassLoader.loadClass(ClassLoader.java:357)
	at net.ukr.ksm.Main.main(Main.java:6)
	at sun.reflect.NativeMethodAccessorImpl.invoke0(Native Method)
	at sun.reflect.NativeMethodAccessorImpl.invoke(NativeMethodAccessorImpl.java:62)
	at sun.reflect.DelegatingMethodAccessorImpl.invoke(DelegatingMethodAccessorImpl.java:43)
	at java.lang.reflect.Method.invoke(Method.java:497)
	at com.intellij.rt.execution.application.AppMain.main(AppMain.java:120)
Caused by: java.lang.ClassNotFoundException: Class not found: java/lang/Exception
	at com.intellij.compiler.instrumentation.InstrumentationClassFinder.loadClass(InstrumentationClassFinder.java:107)
	at com.intellij.compiler.instrumentation.InstrumenterClassWriter.getCommonSuperClass(InstrumenterClassWriter.java:19)
	... 31 more
[2015.09.17 13:44:50] (Coverage): Error during class instrumentation: net.ukr.ksm.Server$1
java.lang.RuntimeException: java.lang.ClassNotFoundException: Class not found: java/lang/Exception
	at com.intellij.compiler.instrumentation.InstrumenterClassWriter.getCommonSuperClass(InstrumenterClassWriter.java:40)
	at org.jetbrains.asm4.ClassWriter.a(Unknown Source)
	at org.jetbrains.asm4.Frame.a(Unknown Source)
	at org.jetbrains.asm4.Frame.a(Unknown Source)
	at org.jetbrains.asm4.MethodWriter.visitMaxs(Unknown Source)
	at org.jetbrains.asm4.MethodVisitor.visitMaxs(Unknown Source)
	at com.intellij.rt.coverage.instrumentation.SamplingInstrumenter$1.visitMaxs(SamplingInstrumenter.java:78)
	at org.jetbrains.asm4.ClassReader.accept(Unknown Source)
	at org.jetbrains.asm4.ClassReader.accept(Unknown Source)
	at com.intellij.rt.coverage.instrumentation.Instrumentator.instrument(Instrumentator.java:158)
	at com.intellij.rt.coverage.instrumentation.Instrumentator.access$000(Instrumentator.java:30)
	at com.intellij.rt.coverage.instrumentation.Instrumentator$1.transform(Instrumentator.java:118)
	at sun.instrument.TransformerManager.transform(TransformerManager.java:188)
	at sun.instrument.InstrumentationImpl.transform(InstrumentationImpl.java:428)
	at java.lang.ClassLoader.defineClass1(Native Method)
	at java.lang.ClassLoader.defineClass(ClassLoader.java:760)
	at java.security.SecureClassLoader.defineClass(SecureClassLoader.java:142)
	at java.net.URLClassLoader.defineClass(URLClassLoader.java:467)
	at java.net.URLClassLoader.access$100(URLClassLoader.java:73)
	at java.net.URLClassLoader$1.run(URLClassLoader.java:368)
	at java.net.URLClassLoader$1.run(URLClassLoader.java:362)
	at java.security.AccessController.doPrivileged(Native Method)
	at java.net.URLClassLoader.findClass(URLClassLoader.java:361)
	at java.lang.ClassLoader.loadClass(ClassLoader.java:424)
	at sun.misc.Launcher$AppClassLoader.loadClass(Launcher.java:331)
	at java.lang.ClassLoader.loadClass(ClassLoader.java:357)
	at net.ukr.ksm.Main.main(Main.java:6)
	at sun.reflect.NativeMethodAccessorImpl.invoke0(Native Method)
	at sun.reflect.NativeMethodAccessorImpl.invoke(NativeMethodAccessorImpl.java:62)
	at sun.reflect.DelegatingMethodAccessorImpl.invoke(DelegatingMethodAccessorImpl.java:43)
	at java.lang.reflect.Method.invoke(Method.java:497)
	at com.intellij.rt.execution.application.AppMain.main(AppMain.java:120)
Caused by: java.lang.ClassNotFoundException: Class not found: java/lang/Exception
	at com.intellij.compiler.instrumentation.InstrumentationClassFinder.loadClass(InstrumentationClassFinder.java:107)
	at com.intellij.compiler.instrumentation.InstrumenterClassWriter.getCommonSuperClass(InstrumenterClassWriter.java:19)
	... 31 more
[2015.09.17 13:46:46] (Coverage): Error during class instrumentation: net.ukr.ksm.Server$1
java.lang.RuntimeException: java.lang.ClassNotFoundException: Class not found: java/lang/Exception
	at com.intellij.compiler.instrumentation.InstrumenterClassWriter.getCommonSuperClass(InstrumenterClassWriter.java:40)
	at org.jetbrains.asm4.ClassWriter.a(Unknown Source)
	at org.jetbrains.asm4.Frame.a(Unknown Source)
	at org.jetbrains.asm4.Frame.a(Unknown Source)
	at org.jetbrains.asm4.MethodWriter.visitMaxs(Unknown Source)
	at org.jetbrains.asm4.MethodVisitor.visitMaxs(Unknown Source)
	at com.intellij.rt.coverage.instrumentation.SamplingInstrumenter$1.visitMaxs(SamplingInstrumenter.java:78)
	at org.jetbrains.asm4.ClassReader.accept(Unknown Source)
	at org.jetbrains.asm4.ClassReader.accept(Unknown Source)
	at com.intellij.rt.coverage.instrumentation.Instrumentator.instrument(Instrumentator.java:158)
	at com.intellij.rt.coverage.instrumentation.Instrumentator.access$000(Instrumentator.java:30)
	at com.intellij.rt.coverage.instrumentation.Instrumentator$1.transform(Instrumentator.java:118)
	at sun.instrument.TransformerManager.transform(TransformerManager.java:188)
	at sun.instrument.InstrumentationImpl.transform(InstrumentationImpl.java:428)
	at java.lang.ClassLoader.defineClass1(Native Method)
	at java.lang.ClassLoader.defineClass(ClassLoader.java:760)
	at java.security.SecureClassLoader.defineClass(SecureClassLoader.java:142)
	at java.net.URLClassLoader.defineClass(URLClassLoader.java:467)
	at java.net.URLClassLoader.access$100(URLClassLoader.java:73)
	at java.net.URLClassLoader$1.run(URLClassLoader.java:368)
	at java.net.URLClassLoader$1.run(URLClassLoader.java:362)
	at java.security.AccessController.doPrivileged(Native Method)
	at java.net.URLClassLoader.findClass(URLClassLoader.java:361)
	at java.lang.ClassLoader.loadClass(ClassLoader.java:424)
	at sun.misc.Launcher$AppClassLoader.loadClass(Launcher.java:331)
	at java.lang.ClassLoader.loadClass(ClassLoader.java:357)
	at net.ukr.ksm.Main.main(Main.java:6)
	at sun.reflect.NativeMethodAccessorImpl.invoke0(Native Method)
	at sun.reflect.NativeMethodAccessorImpl.invoke(NativeMethodAccessorImpl.java:62)
	at sun.reflect.DelegatingMethodAccessorImpl.invoke(DelegatingMethodAccessorImpl.java:43)
	at java.lang.reflect.Method.invoke(Method.java:497)
	at com.intellij.rt.execution.application.AppMain.main(AppMain.java:120)
Caused by: java.lang.ClassNotFoundException: Class not found: java/lang/Exception
	at com.intellij.compiler.instrumentation.InstrumentationClassFinder.loadClass(InstrumentationClassFinder.java:107)
	at com.intellij.compiler.instrumentation.InstrumenterClassWriter.getCommonSuperClass(InstrumenterClassWriter.java:19)
	... 31 more
[2015.09.17 13:51:17] (Coverage): Error during class instrumentation: net.ukr.ksm.Server$1
java.lang.RuntimeException: java.lang.ClassNotFoundException: Class not found: java/lang/Exception
	at com.intellij.compiler.instrumentation.InstrumenterClassWriter.getCommonSuperClass(InstrumenterClassWriter.java:40)
	at org.jetbrains.asm4.ClassWriter.a(Unknown Source)
	at org.jetbrains.asm4.Frame.a(Unknown Source)
	at org.jetbrains.asm4.Frame.a(Unknown Source)
	at org.jetbrains.asm4.MethodWriter.visitMaxs(Unknown Source)
	at org.jetbrains.asm4.MethodVisitor.visitMaxs(Unknown Source)
	at com.intellij.rt.coverage.instrumentation.SamplingInstrumenter$1.visitMaxs(SamplingInstrumenter.java:78)
	at org.jetbrains.asm4.ClassReader.accept(Unknown Source)
	at org.jetbrains.asm4.ClassReader.accept(Unknown Source)
	at com.intellij.rt.coverage.instrumentation.Instrumentator.instrument(Instrumentator.java:158)
	at com.intellij.rt.coverage.instrumentation.Instrumentator.access$000(Instrumentator.java:30)
	at com.intellij.rt.coverage.instrumentation.Instrumentator$1.transform(Instrumentator.java:118)
	at sun.instrument.TransformerManager.transform(TransformerManager.java:188)
	at sun.instrument.InstrumentationImpl.transform(InstrumentationImpl.java:428)
	at java.lang.ClassLoader.defineClass1(Native Method)
	at java.lang.ClassLoader.defineClass(ClassLoader.java:760)
	at java.security.SecureClassLoader.defineClass(SecureClassLoader.java:142)
	at java.net.URLClassLoader.defineClass(URLClassLoader.java:467)
	at java.net.URLClassLoader.access$100(URLClassLoader.java:73)
	at java.net.URLClassLoader$1.run(URLClassLoader.java:368)
	at java.net.URLClassLoader$1.run(URLClassLoader.java:362)
	at java.security.AccessController.doPrivileged(Native Method)
	at java.net.URLClassLoader.findClass(URLClassLoader.java:361)
	at java.lang.ClassLoader.loadClass(ClassLoader.java:424)
	at sun.misc.Launcher$AppClassLoader.loadClass(Launcher.java:331)
	at java.lang.ClassLoader.loadClass(ClassLoader.java:357)
	at net.ukr.ksm.Main.main(Main.java:6)
	at sun.reflect.NativeMethodAccessorImpl.invoke0(Native Method)
	at sun.reflect.NativeMethodAccessorImpl.invoke(NativeMethodAccessorImpl.java:62)
	at sun.reflect.DelegatingMethodAccessorImpl.invoke(DelegatingMethodAccessorImpl.java:43)
	at java.lang.reflect.Method.invoke(Method.java:497)
	at com.intellij.rt.execution.application.AppMain.main(AppMain.java:120)
Caused by: java.lang.ClassNotFoundException: Class not found: java/lang/Exception
	at com.intellij.compiler.instrumentation.InstrumentationClassFinder.loadClass(InstrumentationClassFinder.java:107)
	at com.intellij.compiler.instrumentation.InstrumenterClassWriter.getCommonSuperClass(InstrumenterClassWriter.java:19)
	... 31 more
